
2017-09-27 11:46:03...installerHook: Could not find custom/install/install_hooks.php
2017-09-27 11:46:27...installerHook: Could not find custom/install/install_hooks.php
2017-09-27 11:46:37...installerHook: Could not find custom/install/install_hooks.php
2017-09-27 11:46:51...Begin System Check Process *************
2017-09-27 11:46:51...XML Parsing Support Found
2017-09-27 11:46:51...MBString Support Found
2017-09-27 11:46:51...MCrypt is loaded
2017-09-27 11:46:51...ZIP Support Found
2017-09-27 11:46:51.../custom directory and subdirectory check passed
2017-09-27 11:46:51...cache directory and subdirectory check passed
2017-09-27 11:46:52.../module  directory and subdirectory check passed
2017-09-27 11:46:52.../upload directory check passed
2017-09-27 11:46:52.../zip check passed
2017-09-27 11:46:52.../BCMATH check passed
2017-09-27 11:46:52...Testing .htaccess redirects
2017-09-27 11:46:52...Passed .htaccess redirects check
2017-09-27 11:46:52...installerHook: Could not find custom/install/install_hooks.php
2017-09-27 11:46:52...php.ini location found. /opt/phpbrew/php/php-5.4.38/etc/php.ini
2017-09-27 11:46:52...Outputting HTML for System check
2017-09-27 11:46:52...No Errors were found *************
2017-09-27 11:46:55...installerHook: Could not find custom/install/install_hooks.php
2017-09-27 11:47:28...installerHook: Could not find custom/install/install_hooks.php
2017-09-27 11:47:31...installerHook: Could not find custom/install/install_hooks.php
2017-09-27 11:47:44...Begin DB Check Process *************
2017-09-27 11:47:44...testing with mysql:mysqli
2017-09-27 11:47:44...Basic form info is valid, continuing Process.
2017-09-27 11:47:44...Testing user account...
2017-09-27 11:47:44...Connection made using  host: localhost, usr: root
2017-09-27 11:47:44...Testing priviliged account...
2017-09-27 11:47:44...Connection made using  host: localhost, usr: root
2017-09-27 11:47:44...DB not selected, will create relationships
2017-09-27 11:47:44...Passed DB install check
2017-09-27 11:47:44...Begining to check FTS Settings.
2017-09-27 11:47:44...FTS connection results: 1
2017-09-27 11:47:44...SUCCESS:: no errors detected!
2017-09-27 11:47:44...End DB Check Process *************
2017-09-27 11:47:45...installerHook: Could not find custom/install/install_hooks.php
2017-09-27 11:47:53...installerHook: Could not find custom/install/install_hooks.php
2017-09-27 11:47:58...installerHook: Could not find custom/install/install_hooks.php
2017-09-27 11:47:58...calling handleSugarConfig()
2017-09-27 11:47:58...calling handleLog4Php()
2017-09-27 11:47:58...calling handleHtaccess()
2017-09-27 11:47:58...calling handleDbCreateDatabase()
2017-09-27 11:47:58...Enabling fulltext indexing
2017-09-27 11:47:58...looping through all the Beans and create their tables
2017-09-27 11:47:58...processing table acl_actions
2017-09-27 11:47:58...creating table acl_actions
2017-09-27 11:47:58...creating Relationship Meta for ACLAction
2017-09-27 11:47:58...processing table acl_roles
2017-09-27 11:47:58...creating table acl_roles
2017-09-27 11:47:58...creating Relationship Meta for ACLRole
2017-09-27 11:47:58...processing table relationships
2017-09-27 11:47:58...processing table acl_role_sets
2017-09-27 11:47:58...creating table acl_role_sets
2017-09-27 11:47:58...creating Relationship Meta for ACLRoleSet
2017-09-27 11:47:58...processing table leads
2017-09-27 11:47:58...creating table leads
2017-09-27 11:47:58...creating Relationship Meta for Lead
2017-09-27 11:47:59...processing table cases
2017-09-27 11:47:59...creating table cases
2017-09-27 11:47:59...creating Relationship Meta for Case
2017-09-27 11:47:59...processing table bugs
2017-09-27 11:47:59...creating table bugs
2017-09-27 11:47:59...creating Relationship Meta for Bug
2017-09-27 11:47:59...processing table users
2017-09-27 11:47:59...creating table users
2017-09-27 11:47:59...creating Relationship Meta for User
2017-09-27 11:47:59...processing table campaign_log
2017-09-27 11:47:59...creating table campaign_log
2017-09-27 11:47:59...creating Relationship Meta for CampaignLog
2017-09-27 11:47:59...processing table project
2017-09-27 11:47:59...creating table project
2017-09-27 11:47:59...creating Relationship Meta for Project
2017-09-27 11:47:59...processing table project_task
2017-09-27 11:47:59...creating table project_task
2017-09-27 11:47:59...creating Relationship Meta for ProjectTask
2017-09-27 11:47:59...processing table campaigns
2017-09-27 11:47:59...creating table campaigns
2017-09-27 11:47:59...creating Relationship Meta for Campaign
2017-09-27 11:47:59...processing table prospect_lists
2017-09-27 11:47:59...creating table prospect_lists
2017-09-27 11:47:59...creating Relationship Meta for ProspectList
2017-09-27 11:47:59...processing table prospects
2017-09-27 11:47:59...creating table prospects
2017-09-27 11:47:59...creating Relationship Meta for Prospect
2017-09-27 11:47:59...processing table email_marketing
2017-09-27 11:47:59...creating table email_marketing
2017-09-27 11:47:59...creating Relationship Meta for EmailMarketing
2017-09-27 11:47:59...processing table campaign_trkrs
2017-09-27 11:47:59...creating table campaign_trkrs
2017-09-27 11:47:59...creating Relationship Meta for CampaignTracker
2017-09-27 11:47:59...processing table releases
2017-09-27 11:47:59...creating table releases
2017-09-27 11:47:59...creating Relationship Meta for Release
2017-09-27 11:47:59...processing table emailman
2017-09-27 11:47:59...creating table emailman
2017-09-27 11:47:59...creating Relationship Meta for EmailMan
2017-09-27 11:47:59...processing table schedulers
2017-09-27 11:47:59...creating table schedulers
2017-09-27 11:47:59...creating Relationship Meta for Scheduler
2017-09-27 11:47:59...processing table job_queue
2017-09-27 11:47:59...creating table job_queue
2017-09-27 11:47:59...creating Relationship Meta for SchedulersJob
2017-09-27 11:47:59...processing table contacts
2017-09-27 11:47:59...creating table contacts
2017-09-27 11:47:59...creating Relationship Meta for Contact
2017-09-27 11:47:59...processing table accounts
2017-09-27 11:47:59...creating table accounts
2017-09-27 11:47:59...creating Relationship Meta for Account
2017-09-27 11:47:59...processing table opportunities
2017-09-27 11:47:59...creating table opportunities
2017-09-27 11:47:59...creating Relationship Meta for Opportunity
2017-09-27 11:47:59...processing table email_templates
2017-09-27 11:47:59...creating table email_templates
2017-09-27 11:47:59...creating Relationship Meta for EmailTemplate
2017-09-27 11:47:59...processing table users_signatures
2017-09-27 11:47:59...creating table users_signatures
2017-09-27 11:47:59...creating Relationship Meta for UserSignature
2017-09-27 11:47:59...processing table notes
2017-09-27 11:47:59...creating table notes
2017-09-27 11:47:59...creating Relationship Meta for Note
2017-09-27 11:47:59...processing table calls
2017-09-27 11:47:59...creating table calls
2017-09-27 11:47:59...creating Relationship Meta for Call
2017-09-27 11:47:59...processing table emails
2017-09-27 11:47:59...creating table emails
2017-09-27 11:47:59...creating Relationship Meta for Email
2017-09-27 11:47:59...processing table meetings
2017-09-27 11:47:59...creating table meetings
2017-09-27 11:47:59...creating Relationship Meta for Meeting
2017-09-27 11:47:59...processing table tasks
2017-09-27 11:47:59...creating table tasks
2017-09-27 11:47:59...creating Relationship Meta for Task
2017-09-27 11:47:59...processing table users
2017-09-27 11:47:59...processing table users
2017-09-27 11:47:59...processing table currencies
2017-09-27 11:47:59...creating table currencies
2017-09-27 11:47:59...creating Relationship Meta for Currency
2017-09-27 11:47:59...processing table tracker
2017-09-27 11:47:59...creating table tracker
2017-09-27 11:47:59...creating Relationship Meta for Tracker
2017-09-27 11:47:59...processing table tracker_perf
2017-09-27 11:48:00...creating table tracker_perf
2017-09-27 11:48:00...creating Relationship Meta for tracker_perf
2017-09-27 11:48:00...processing table tracker_sessions
2017-09-27 11:48:00...creating table tracker_sessions
2017-09-27 11:48:00...creating Relationship Meta for tracker_sessions
2017-09-27 11:48:00...processing table tracker_queries
2017-09-27 11:48:00...creating table tracker_queries
2017-09-27 11:48:00...creating Relationship Meta for tracker_queries
2017-09-27 11:48:00...processing table import_maps
2017-09-27 11:48:00...creating table import_maps
2017-09-27 11:48:00...creating Relationship Meta for ImportMap
2017-09-27 11:48:00...processing table users_last_import
2017-09-27 11:48:00...creating table users_last_import
2017-09-27 11:48:00...creating Relationship Meta for UsersLastImport
2017-09-27 11:48:00...processing table config
2017-09-27 11:48:00...creating table config
2017-09-27 11:48:00...creating Relationship Meta for Administration
2017-09-27 11:48:00...processing table upgrade_history
2017-09-27 11:48:00...creating table upgrade_history
2017-09-27 11:48:00...creating Relationship Meta for UpgradeHistory
2017-09-27 11:48:00...processing table vcals
2017-09-27 11:48:00...creating table vcals
2017-09-27 11:48:00...creating Relationship Meta for vCal
2017-09-27 11:48:00...processing table versions
2017-09-27 11:48:00...creating table versions
2017-09-27 11:48:00...creating Relationship Meta for Version
2017-09-27 11:48:00...processing table roles
2017-09-27 11:48:00...creating table roles
2017-09-27 11:48:00...creating Relationship Meta for Role
2017-09-27 11:48:00...processing table documents
2017-09-27 11:48:00...creating table documents
2017-09-27 11:48:00...creating Relationship Meta for Document
2017-09-27 11:48:00...processing table document_revisions
2017-09-27 11:48:00...creating table document_revisions
2017-09-27 11:48:00...creating Relationship Meta for DocumentRevision
2017-09-27 11:48:00...processing table fields_meta_data
2017-09-27 11:48:00...creating table fields_meta_data
2017-09-27 11:48:00...creating Relationship Meta for FieldsMetaData
2017-09-27 11:48:00...processing table inbound_email
2017-09-27 11:48:00...creating table inbound_email
2017-09-27 11:48:00...creating Relationship Meta for InboundEmail
2017-09-27 11:48:00...processing table saved_search
2017-09-27 11:48:00...creating table saved_search
2017-09-27 11:48:00...creating Relationship Meta for SavedSearch
2017-09-27 11:48:00...processing table user_preferences
2017-09-27 11:48:00...creating table user_preferences
2017-09-27 11:48:00...creating Relationship Meta for UserPreference
2017-09-27 11:48:00...processing table 
2017-09-27 11:48:00...processing table email_addresses
2017-09-27 11:48:00...creating table email_addresses
2017-09-27 11:48:00...creating Relationship Meta for EmailAddress
2017-09-27 11:48:00...processing table emails_text
2017-09-27 11:48:00...creating table emails_text
2017-09-27 11:48:00...creating Relationship Meta for EmailText
2017-09-27 11:48:00...processing table saved_reports
2017-09-27 11:48:00...creating table saved_reports
2017-09-27 11:48:00...creating Relationship Meta for SavedReport
2017-09-27 11:48:00...processing table acl_fields
2017-09-27 11:48:00...creating table acl_fields
2017-09-27 11:48:00...creating Relationship Meta for ACLField
2017-09-27 11:48:00...processing table contracts
2017-09-27 11:48:00...creating table contracts
2017-09-27 11:48:00...creating Relationship Meta for Contract
2017-09-27 11:48:00...processing table teams
2017-09-27 11:48:00...creating table teams
2017-09-27 11:48:00...creating Relationship Meta for Team
2017-09-27 11:48:00...processing table team_memberships
2017-09-27 11:48:00...creating table team_memberships
2017-09-27 11:48:00...creating Relationship Meta for TeamMembership
2017-09-27 11:48:00...processing table team_sets
2017-09-27 11:48:00...creating table team_sets
2017-09-27 11:48:00...creating Relationship Meta for TeamSet
2017-09-27 11:48:00...processing table team_sets_modules
2017-09-27 11:48:00...creating table team_sets_modules
2017-09-27 11:48:00...creating Relationship Meta for TeamSetModule
2017-09-27 11:48:00...processing table team_notices
2017-09-27 11:48:00...creating table team_notices
2017-09-27 11:48:00...creating Relationship Meta for TeamNotices
2017-09-27 11:48:00...processing table product_templates
2017-09-27 11:48:00...creating table product_templates
2017-09-27 11:48:00...creating Relationship Meta for ProductTemplate
2017-09-27 11:48:00...processing table product_types
2017-09-27 11:48:00...creating table product_types
2017-09-27 11:48:00...creating Relationship Meta for ProductType
2017-09-27 11:48:00...processing table product_categories
2017-09-27 11:48:00...creating table product_categories
2017-09-27 11:48:00...creating Relationship Meta for ProductCategory
2017-09-27 11:48:00...processing table manufacturers
2017-09-27 11:48:00...creating table manufacturers
2017-09-27 11:48:00...creating Relationship Meta for Manufacturer
2017-09-27 11:48:00...processing table quotes
2017-09-27 11:48:00...creating table quotes
2017-09-27 11:48:00...creating Relationship Meta for Quote
2017-09-27 11:48:00...processing table product_bundle_notes
2017-09-27 11:48:00...creating table product_bundle_notes
2017-09-27 11:48:00...creating Relationship Meta for ProductBundleNote
2017-09-27 11:48:00...processing table products
2017-09-27 11:48:00...creating table products
2017-09-27 11:48:00...creating Relationship Meta for Product
2017-09-27 11:48:00...processing table product_bundles
2017-09-27 11:48:00...creating table product_bundles
2017-09-27 11:48:00...creating Relationship Meta for ProductBundle
2017-09-27 11:48:00...processing table revenue_line_items
2017-09-27 11:48:00...creating table revenue_line_items
2017-09-27 11:48:00...creating Relationship Meta for RevenueLineItem
2017-09-27 11:48:00...processing table shippers
2017-09-27 11:48:00...creating table shippers
2017-09-27 11:48:00...creating Relationship Meta for Shipper
2017-09-27 11:48:00...processing table taxrates
2017-09-27 11:48:00...creating table taxrates
2017-09-27 11:48:00...creating Relationship Meta for TaxRate
2017-09-27 11:48:00...processing table timeperiods
2017-09-27 11:48:00...creating table timeperiods
2017-09-27 11:48:00...creating Relationship Meta for TimePeriod
2017-09-27 11:48:00...processing table timeperiods
2017-09-27 11:48:00...processing table timeperiods
2017-09-27 11:48:00...processing table timeperiods
2017-09-27 11:48:00...processing table timeperiods
2017-09-27 11:48:00...processing table timeperiods
2017-09-27 11:48:00...processing table timeperiods
2017-09-27 11:48:00...processing table forecasts
2017-09-27 11:48:00...creating table forecasts
2017-09-27 11:48:00...creating Relationship Meta for Forecast
2017-09-27 11:48:00...processing table forecast_worksheets
2017-09-27 11:48:00...creating table forecast_worksheets
2017-09-27 11:48:00...creating Relationship Meta for ForecastWorksheet
2017-09-27 11:48:00...processing table forecast_manager_worksheets
2017-09-27 11:48:00...creating table forecast_manager_worksheets
2017-09-27 11:48:00...creating Relationship Meta for ForecastManagerWorksheet
2017-09-27 11:48:00...processing table opportunities
2017-09-27 11:48:00...processing table users
2017-09-27 11:48:00...processing table quotas
2017-09-27 11:48:00...creating table quotas
2017-09-27 11:48:00...creating Relationship Meta for Quota
2017-09-27 11:48:00...processing table workflow
2017-09-27 11:48:00...creating table workflow
2017-09-27 11:48:00...creating Relationship Meta for WorkFlow
2017-09-27 11:48:00...processing table workflow_triggershells
2017-09-27 11:48:00...creating table workflow_triggershells
2017-09-27 11:48:00...creating Relationship Meta for WorkFlowTriggerShell
2017-09-27 11:48:00...processing table workflow_alertshells
2017-09-27 11:48:00...creating table workflow_alertshells
2017-09-27 11:48:00...creating Relationship Meta for WorkFlowAlertShell
2017-09-27 11:48:00...processing table workflow_alerts
2017-09-27 11:48:00...creating table workflow_alerts
2017-09-27 11:48:00...creating Relationship Meta for WorkFlowAlert
2017-09-27 11:48:00...processing table workflow_actionshells
2017-09-27 11:48:00...creating table workflow_actionshells
2017-09-27 11:48:00...creating Relationship Meta for WorkFlowActionShell
2017-09-27 11:48:00...processing table workflow_actions
2017-09-27 11:48:00...creating table workflow_actions
2017-09-27 11:48:00...creating Relationship Meta for WorkFlowAction
2017-09-27 11:48:00...processing table expressions
2017-09-27 11:48:00...creating table expressions
2017-09-27 11:48:00...creating Relationship Meta for Expression
2017-09-27 11:48:00...processing table systems
2017-09-27 11:48:00...creating table systems
2017-09-27 11:48:00...creating Relationship Meta for System
2017-09-27 11:48:00...processing table session_active
2017-09-27 11:48:00...creating table session_active
2017-09-27 11:48:00...creating Relationship Meta for SessionManager
2017-09-27 11:48:00...processing table contract_types
2017-09-27 11:48:00...creating table contract_types
2017-09-27 11:48:00...creating Relationship Meta for ContractType
2017-09-27 11:48:00...processing table project_resources
2017-09-27 11:48:00...creating table project_resources
2017-09-27 11:48:00...creating Relationship Meta for ProjectResource
2017-09-27 11:48:00...processing table holidays
2017-09-27 11:48:00...creating table holidays
2017-09-27 11:48:00...creating Relationship Meta for Holiday
2017-09-27 11:48:00...processing table 
2017-09-27 11:48:00...processing table styleguide
2017-09-27 11:48:00...creating table styleguide
2017-09-27 11:48:00...creating Relationship Meta for Styleguide
2017-09-27 11:48:00...processing table notifications
2017-09-27 11:48:00...creating table notifications
2017-09-27 11:48:00...creating Relationship Meta for Notifications
2017-09-27 11:48:00...processing table eapm
2017-09-27 11:48:00...creating table eapm
2017-09-27 11:48:00...creating Relationship Meta for EAPM
2017-09-27 11:48:00...processing table oauth_consumer
2017-09-27 11:48:00...creating table oauth_consumer
2017-09-27 11:48:00...creating Relationship Meta for OAuthKey
2017-09-27 11:48:00...processing table oauth_tokens
2017-09-27 11:48:00...creating table oauth_tokens
2017-09-27 11:48:00...creating Relationship Meta for OAuthToken
2017-09-27 11:48:00...processing table sugarfavorites
2017-09-27 11:48:01...creating table sugarfavorites
2017-09-27 11:48:01...creating Relationship Meta for SugarFavorites
2017-09-27 11:48:01...processing table weblogichooks
2017-09-27 11:48:01...creating table weblogichooks
2017-09-27 11:48:01...creating Relationship Meta for WebLogicHook
2017-09-27 11:48:01...processing table activities
2017-09-27 11:48:01...creating table activities
2017-09-27 11:48:01...creating Relationship Meta for Activity
2017-09-27 11:48:01...processing table comments
2017-09-27 11:48:01...creating table comments
2017-09-27 11:48:01...creating Relationship Meta for Comment
2017-09-27 11:48:01...processing table subscriptions
2017-09-27 11:48:01...creating table subscriptions
2017-09-27 11:48:01...creating Relationship Meta for Subscription
2017-09-27 11:48:01...processing table filters
2017-09-27 11:48:01...creating table filters
2017-09-27 11:48:01...creating Relationship Meta for Filters
2017-09-27 11:48:01...processing table dashboards
2017-09-27 11:48:01...creating table dashboards
2017-09-27 11:48:01...creating Relationship Meta for Dashboard
2017-09-27 11:48:01...processing table tags
2017-09-27 11:48:01...creating table tags
2017-09-27 11:48:01...creating Relationship Meta for Tag
2017-09-27 11:48:01...processing table categories
2017-09-27 11:48:01...creating table categories
2017-09-27 11:48:01...creating Relationship Meta for Category
2017-09-27 11:48:01...processing table pdfmanager
2017-09-27 11:48:01...creating table pdfmanager
2017-09-27 11:48:01...creating Relationship Meta for PdfManager
2017-09-27 11:48:01...processing table kbdocuments
2017-09-27 11:48:01...creating table kbdocuments
2017-09-27 11:48:01...creating Relationship Meta for KBDocument
2017-09-27 11:48:01...processing table kbcontents
2017-09-27 11:48:01...creating table kbcontents
2017-09-27 11:48:01...creating Relationship Meta for KBContent
2017-09-27 11:48:01...processing table kbarticles
2017-09-27 11:48:01...creating table kbarticles
2017-09-27 11:48:01...creating Relationship Meta for KBArticle
2017-09-27 11:48:01...processing table kbcontent_templates
2017-09-27 11:48:01...creating table kbcontent_templates
2017-09-27 11:48:01...creating Relationship Meta for KBContentTemplate
2017-09-27 11:48:01...processing table embedded_files
2017-09-27 11:48:01...creating table embedded_files
2017-09-27 11:48:01...creating Relationship Meta for EmbeddedFile
2017-09-27 11:48:03...Begin creating Defaults
2017-09-27 11:48:03...INSERT defaults INTO config TABLE
2017-09-27 11:48:03...Updating license information
2017-09-27 11:48:03...Creating default users
2017-09-27 11:48:03...Creating default reports
2017-09-27 11:48:03...Creating default scheduler jobs
2017-09-27 11:48:04...creating new user for Snip
2017-09-27 11:48:04...populating the db with seed data
2017-09-27 11:48:04...done populating the db with seed data
2017-09-27 11:48:04...running full indexer
2017-09-27 11:48:06...Done populating data *********
2017-09-27 11:48:07...Running post-install hooks
2017-09-27 11:48:07...Finished post-install hooks
2017-09-27 11:48:08...Populating file cache
2017-09-27 11:48:09...Populating metadata cache
2017-09-27 11:48:14...Installation has completed *********
2017-09-27 11:48:36...installerHook: Could not find custom/install/install_hooks.php